<?xml version="1.0" encoding="UTF-8"?>
<coverage generated="1738742103031" clover="3.2.0">
  <project timestamp="1738742103031" name="All files">
    <metrics statements="41" coveredstatements="41" conditionals="16" coveredconditionals="13" methods="8" coveredmethods="8" elements="65" coveredelements="62" complexity="0" loc="41" ncloc="41" packages="1" files="2" classes="2"/>
    <file name="emailService.ts" path="C:\Users\hp\Desktop\tuts\Next\cauntr\server\src\services\emailService.ts">
      <metrics statements="13" coveredstatements="13" conditionals="3" coveredconditionals="3" methods="4" coveredmethods="4"/>
      <line num="1" count="1" type="stmt"/>
      <line num="20" count="1" type="stmt"/>
      <line num="24" count="9" type="stmt"/>
      <line num="28" count="5" type="stmt"/>
      <line num="29" count="5" type="stmt"/>
      <line num="34" count="2" type="stmt"/>
      <line num="35" count="2" type="stmt"/>
      <line num="46" count="4" type="cond" truecount="3" falsecount="0"/>
      <line num="47" count="1" type="stmt"/>
      <line num="50" count="3" type="stmt"/>
      <line num="59" count="18" type="stmt"/>
      <line num="68" count="3" type="stmt"/>
      <line num="77" count="1" type="stmt"/>
    </file>
    <file name="paystackService.ts" path="C:\Users\hp\Desktop\tuts\Next\cauntr\server\src\services\paystackService.ts">
      <metrics statements="28" coveredstatements="28" conditionals="13" coveredconditionals="10" methods="4" coveredmethods="4"/>
      <line num="1" count="1" type="stmt"/>
      <line num="67" count="1" type="stmt"/>
      <line num="78" count="14" type="stmt"/>
      <line num="86" count="4" type="stmt"/>
      <line num="89" count="4" type="stmt"/>
      <line num="97" count="3" type="cond" truecount="1" falsecount="0"/>
      <line num="101" count="1" type="stmt"/>
      <line num="109" count="2" type="stmt"/>
      <line num="113" count="2" type="cond" truecount="1" falsecount="0"/>
      <line num="114" count="1" type="stmt"/>
      <line num="121" count="1" type="stmt"/>
      <line num="128" count="1" type="stmt"/>
      <line num="147" count="4" type="stmt"/>
      <line num="148" count="4" type="stmt"/>
      <line num="155" count="3" type="cond" truecount="1" falsecount="0"/>
      <line num="156" count="1" type="stmt"/>
      <line num="159" count="2" type="stmt"/>
      <line num="163" count="2" type="cond" truecount="1" falsecount="0"/>
      <line num="164" count="1" type="stmt"/>
      <line num="167" count="1" type="stmt"/>
      <line num="175" count="1" type="stmt"/>
      <line num="189" count="3" type="stmt"/>
      <line num="190" count="3" type="stmt"/>
      <line num="195" count="2" type="cond" truecount="1" falsecount="0"/>
      <line num="196" count="1" type="stmt"/>
      <line num="199" count="1" type="stmt"/>
      <line num="201" count="1" type="stmt"/>
      <line num="209" count="1" type="stmt"/>
    </file>
  </project>
</coverage>
