{"C:\\Users\\hp\\Desktop\\tuts\\Next\\cauntr\\server\\src\\services\\emailService.ts": {"path":"C:\\Users\\hp\\Desktop\\tuts\\Next\\cauntr\\server\\src\\services\\emailService.ts","statementMap":{"0":{"start":{"line":1,"column":0},"end":{"line":1,"column":36}},"1":{"start":{"line":24,"column":2},"end":{"line":24,"column":56}},"2":{"start":{"line":28,"column":2},"end":{"line":36,"column":3}},"3":{"start":{"line":29,"column":3},"end":{"line":32,"column":6}},"4":{"start":{"line":34,"column":3},"end":{"line":34,"column":46}},"5":{"start":{"line":35,"column":3},"end":{"line":35,"column":43}},"6":{"start":{"line":46,"column":2},"end":{"line":48,"column":3}},"7":{"start":{"line":47,"column":3},"end":{"line":47,"column":76}},"8":{"start":{"line":50,"column":15},"end":{"line":66,"column":6}},"9":{"start":{"line":59,"column":8},"end":{"line":59,"column":142}},"10":{"start":{"line":68,"column":2},"end":{"line":72,"column":5}},"11":{"start":{"line":20,"column":0},"end":{"line":20,"column":13}},"12":{"start":{"line":77,"column":13},"end":{"line":85,"column":3}}},"fnMap":{"0":{"name":"(anonymous_1)","decl":{"start":{"line":23,"column":1},"end":{"line":23,"column":13}},"loc":{"start":{"line":23,"column":32},"end":{"line":25,"column":2}}},"1":{"name":"(anonymous_2)","decl":{"start":{"line":27,"column":1},"end":{"line":27,"column":6}},"loc":{"start":{"line":27,"column":38},"end":{"line":37,"column":2}}},"2":{"name":"(anonymous_3)","decl":{"start":{"line":39,"column":1},"end":{"line":39,"column":6}},"loc":{"start":{"line":45,"column":2},"end":{"line":73,"column":2}}},"3":{"name":"(anonymous_4)","decl":{"start":{"line":58,"column":7},"end":{"line":58,"column":8}},"loc":{"start":{"line":59,"column":8},"end":{"line":59,"column":142}}}},"branchMap":{"0":{"loc":{"start":{"line":46,"column":2},"end":{"line":48,"column":3}},"type":"if","locations":[{"start":{"line":46,"column":2},"end":{"line":48,"column":3}}]},"1":{"loc":{"start":{"line":46,"column":6},"end":{"line":46,"column":34}},"type":"binary-expr","locations":[{"start":{"line":46,"column":6},"end":{"line":46,"column":12}},{"start":{"line":46,"column":16},"end":{"line":46,"column":34}}]}},"s":{"0":1,"1":9,"2":5,"3":5,"4":2,"5":2,"6":4,"7":1,"8":3,"9":18,"10":3,"11":1,"12":1},"f":{"0":9,"1":5,"2":4,"3":18},"b":{"0":[1],"1":[4,4]}}
,"C:\\Users\\hp\\Desktop\\tuts\\Next\\cauntr\\server\\src\\services\\paystackService.ts": {"path":"C:\\Users\\hp\\Desktop\\tuts\\Next\\cauntr\\server\\src\\services\\paystackService.ts","statementMap":{"0":{"start":{"line":1,"column":0},"end":{"line":1,"column":46}},"1":{"start":{"line":78,"column":2},"end":{"line":78,"column":65}},"2":{"start":{"line":86,"column":2},"end":{"line":133,"column":3}},"3":{"start":{"line":89,"column":5},"end":{"line":95,"column":6}},"4":{"start":{"line":97,"column":3},"end":{"line":106,"column":4}},"5":{"start":{"line":101,"column":4},"end":{"line":105,"column":6}},"6":{"start":{"line":109,"column":27},"end":{"line":111,"column":5}},"7":{"start":{"line":113,"column":3},"end":{"line":119,"column":4}},"8":{"start":{"line":114,"column":4},"end":{"line":118,"column":6}},"9":{"start":{"line":121,"column":3},"end":{"line":126,"column":5}},"10":{"start":{"line":128,"column":3},"end":{"line":132,"column":5}},"11":{"start":{"line":147,"column":2},"end":{"line":179,"column":3}},"12":{"start":{"line":148,"column":25},"end":{"line":153,"column":5}},"13":{"start":{"line":155,"column":3},"end":{"line":157,"column":4}},"14":{"start":{"line":156,"column":4},"end":{"line":156,"column":63}},"15":{"start":{"line":159,"column":19},"end":{"line":161,"column":5}},"16":{"start":{"line":163,"column":3},"end":{"line":165,"column":4}},"17":{"start":{"line":164,"column":4},"end":{"line":164,"column":57}},"18":{"start":{"line":167,"column":3},"end":{"line":173,"column":5}},"19":{"start":{"line":175,"column":3},"end":{"line":178,"column":5}},"20":{"start":{"line":189,"column":2},"end":{"line":205,"column":3}},"21":{"start":{"line":190,"column":22},"end":{"line":193,"column":5}},"22":{"start":{"line":195,"column":3},"end":{"line":197,"column":4}},"23":{"start":{"line":196,"column":4},"end":{"line":196,"column":40}},"24":{"start":{"line":199,"column":3},"end":{"line":199,"column":50}},"25":{"start":{"line":201,"column":3},"end":{"line":204,"column":5}},"26":{"start":{"line":67,"column":0},"end":{"line":67,"column":13}},"27":{"start":{"line":209,"column":13},"end":{"line":209,"column":53}}},"fnMap":{"0":{"name":"(anonymous_1)","decl":{"start":{"line":70,"column":1},"end":{"line":70,"column":null}},"loc":{"start":{"line":70,"column":1},"end":{"line":79,"column":2}}},"1":{"name":"(anonymous_2)","decl":{"start":{"line":81,"column":1},"end":{"line":81,"column":6}},"loc":{"start":{"line":85,"column":20},"end":{"line":134,"column":2}}},"2":{"name":"(anonymous_3)","decl":{"start":{"line":136,"column":1},"end":{"line":136,"column":6}},"loc":{"start":{"line":146,"column":2},"end":{"line":180,"column":2}}},"3":{"name":"(anonymous_4)","decl":{"start":{"line":182,"column":1},"end":{"line":182,"column":6}},"loc":{"start":{"line":188,"column":2},"end":{"line":206,"column":2}}}},"branchMap":{"0":{"loc":{"start":{"line":97,"column":3},"end":{"line":106,"column":4}},"type":"if","locations":[{"start":{"line":97,"column":3},"end":{"line":106,"column":4}}]},"1":{"loc":{"start":{"line":98,"column":4},"end":{"line":99,"column":45}},"type":"binary-expr","locations":[{"start":{"line":98,"column":4},"end":{"line":98,"column":36}},{"start":{"line":99,"column":4},"end":{"line":99,"column":45}}]},"2":{"loc":{"start":{"line":113,"column":3},"end":{"line":119,"column":4}},"type":"if","locations":[{"start":{"line":113,"column":3},"end":{"line":119,"column":4}}]},"3":{"loc":{"start":{"line":129,"column":11},"end":{"line":129,"column":52}},"type":"binary-expr","locations":[{"start":{"line":129,"column":11},"end":{"line":129,"column":24}},{"start":{"line":129,"column":28},"end":{"line":129,"column":52}}]},"4":{"loc":{"start":{"line":155,"column":3},"end":{"line":157,"column":4}},"type":"if","locations":[{"start":{"line":155,"column":3},"end":{"line":157,"column":4}}]},"5":{"loc":{"start":{"line":163,"column":3},"end":{"line":165,"column":4}},"type":"if","locations":[{"start":{"line":163,"column":3},"end":{"line":165,"column":4}}]},"6":{"loc":{"start":{"line":176,"column":11},"end":{"line":176,"column":52}},"type":"binary-expr","locations":[{"start":{"line":176,"column":11},"end":{"line":176,"column":24}},{"start":{"line":176,"column":28},"end":{"line":176,"column":52}}]},"7":{"loc":{"start":{"line":195,"column":3},"end":{"line":197,"column":4}},"type":"if","locations":[{"start":{"line":195,"column":3},"end":{"line":197,"column":4}}]},"8":{"loc":{"start":{"line":202,"column":11},"end":{"line":202,"column":52}},"type":"binary-expr","locations":[{"start":{"line":202,"column":11},"end":{"line":202,"column":24}},{"start":{"line":202,"column":28},"end":{"line":202,"column":52}}]}},"s":{"0":1,"1":14,"2":4,"3":4,"4":3,"5":1,"6":2,"7":2,"8":1,"9":1,"10":1,"11":4,"12":4,"13":3,"14":1,"15":2,"16":2,"17":1,"18":1,"19":1,"20":3,"21":3,"22":2,"23":1,"24":1,"25":1,"26":1,"27":1},"f":{"0":14,"1":4,"2":4,"3":3},"b":{"0":[1],"1":[3,2],"2":[1],"3":[1,0],"4":[1],"5":[1],"6":[1,0],"7":[1],"8":[1,0]}}
}
