{"C:\\Users\\hp\\Desktop\\tuts\\Next\\cauntr\\server\\src\\controllers\\auth.c.ts": {"path":"C:\\Users\\hp\\Desktop\\tuts\\Next\\cauntr\\server\\src\\controllers\\auth.c.ts","statementMap":{"0":{"start":{"line":2,"column":0},"end":{"line":2,"column":48}},"1":{"start":{"line":3,"column":0},"end":{"line":3,"column":28}},"2":{"start":{"line":4,"column":0},"end":{"line":4,"column":45}},"3":{"start":{"line":5,"column":0},"end":{"line":5,"column":null}},"4":{"start":{"line":10,"column":0},"end":{"line":10,"column":62}},"5":{"start":{"line":11,"column":0},"end":{"line":11,"column":60}},"6":{"start":{"line":12,"column":0},"end":{"line":12,"column":48}},"7":{"start":{"line":13,"column":0},"end":{"line":13,"column":56}},"8":{"start":{"line":15,"column":17},"end":{"line":38,"column":1}},"9":{"start":{"line":16,"column":23},"end":{"line":18,"column":3}},"10":{"start":{"line":19,"column":1},"end":{"line":21,"column":2}},"11":{"start":{"line":20,"column":2},"end":{"line":20,"column":64}},"12":{"start":{"line":23,"column":28},"end":{"line":24,"column":null}},"13":{"start":{"line":27,"column":1},"end":{"line":30,"column":4}},"14":{"start":{"line":32,"column":1},"end":{"line":35,"column":4}},"15":{"start":{"line":37,"column":1},"end":{"line":37,"column":26}},"16":{"start":{"line":40,"column":13},"end":{"line":356,"column":2}},"17":{"start":{"line":49,"column":6},"end":{"line":49,"column":14}},"18":{"start":{"line":50,"column":25},"end":{"line":50,"column":52}},"19":{"start":{"line":54,"column":3},"end":{"line":57,"column":5}},"20":{"start":{"line":60,"column":2},"end":{"line":65,"column":3}},"21":{"start":{"line":61,"column":3},"end":{"line":64,"column":5}},"22":{"start":{"line":68,"column":2},"end":{"line":73,"column":3}},"23":{"start":{"line":69,"column":3},"end":{"line":72,"column":5}},"24":{"start":{"line":75,"column":21},"end":{"line":93,"column":4}},"25":{"start":{"line":96,"column":2},"end":{"line":98,"column":5}},"26":{"start":{"line":97,"column":3},"end":{"line":97,"column":75}},"27":{"start":{"line":100,"column":2},"end":{"line":104,"column":5}},"28":{"start":{"line":107,"column":33},"end":{"line":107,"column":41}},"29":{"start":{"line":108,"column":2},"end":{"line":110,"column":3}},"30":{"start":{"line":109,"column":3},"end":{"line":109,"column":73}},"31":{"start":{"line":112,"column":22},"end":{"line":120,"column":4}},"32":{"start":{"line":121,"column":2},"end":{"line":123,"column":3}},"33":{"start":{"line":122,"column":3},"end":{"line":122,"column":63}},"34":{"start":{"line":125,"column":18},"end":{"line":138,"column":4}},"35":{"start":{"line":139,"column":2},"end":{"line":141,"column":3}},"36":{"start":{"line":140,"column":3},"end":{"line":140,"column":50}},"37":{"start":{"line":143,"column":19},"end":{"line":145,"column":19}},"38":{"start":{"line":146,"column":20},"end":{"line":146,"column":30}},"39":{"start":{"line":147,"column":2},"end":{"line":147,"column":45}},"40":{"start":{"line":150,"column":34},"end":{"line":155,"column":4}},"41":{"start":{"line":157,"column":2},"end":{"line":159,"column":3}},"42":{"start":{"line":158,"column":3},"end":{"line":158,"column":60}},"43":{"start":{"line":162,"column":25},"end":{"line":177,"column":4}},"44":{"start":{"line":180,"column":2},"end":{"line":182,"column":5}},"45":{"start":{"line":185,"column":36},"end":{"line":188,"column":4}},"46":{"start":{"line":190,"column":2},"end":{"line":192,"column":3}},"47":{"start":{"line":191,"column":3},"end":{"line":191,"column":64}},"48":{"start":{"line":195,"column":15},"end":{"line":202,"column":4}},"49":{"start":{"line":205,"column":19},"end":{"line":208,"column":4}},"50":{"start":{"line":211,"column":2},"end":{"line":216,"column":5}},"51":{"start":{"line":218,"column":2},"end":{"line":220,"column":66}},"52":{"start":{"line":223,"column":20},"end":{"line":223,"column":28}},"53":{"start":{"line":224,"column":2},"end":{"line":226,"column":3}},"54":{"start":{"line":225,"column":3},"end":{"line":225,"column":51}},"55":{"start":{"line":228,"column":26},"end":{"line":230,"column":4}},"56":{"start":{"line":231,"column":2},"end":{"line":233,"column":3}},"57":{"start":{"line":232,"column":3},"end":{"line":232,"column":70}},"58":{"start":{"line":235,"column":2},"end":{"line":235,"column":24}},"59":{"start":{"line":237,"column":2},"end":{"line":239,"column":69}},"60":{"start":{"line":242,"column":30},"end":{"line":242,"column":38}},"61":{"start":{"line":243,"column":2},"end":{"line":245,"column":3}},"62":{"start":{"line":244,"column":3},"end":{"line":244,"column":66}},"63":{"start":{"line":247,"column":15},"end":{"line":250,"column":4}},"64":{"start":{"line":251,"column":2},"end":{"line":253,"column":3}},"65":{"start":{"line":252,"column":3},"end":{"line":252,"column":63}},"66":{"start":{"line":255,"column":24},"end":{"line":255,"column":68}},"67":{"start":{"line":256,"column":2},"end":{"line":258,"column":3}},"68":{"start":{"line":257,"column":3},"end":{"line":257,"column":70}},"69":{"start":{"line":260,"column":19},"end":{"line":263,"column":4}},"70":{"start":{"line":265,"column":2},"end":{"line":270,"column":5}},"71":{"start":{"line":272,"column":2},"end":{"line":274,"column":65}},"72":{"start":{"line":277,"column":2},"end":{"line":277,"column":27}},"73":{"start":{"line":278,"column":2},"end":{"line":280,"column":60}},"74":{"start":{"line":283,"column":30},"end":{"line":283,"column":38}},"75":{"start":{"line":284,"column":2},"end":{"line":286,"column":3}},"76":{"start":{"line":285,"column":3},"end":{"line":285,"column":66}},"77":{"start":{"line":288,"column":15},"end":{"line":290,"column":4}},"78":{"start":{"line":291,"column":2},"end":{"line":293,"column":3}},"79":{"start":{"line":292,"column":3},"end":{"line":292,"column":63}},"80":{"start":{"line":295,"column":29},"end":{"line":295,"column":73}},"81":{"start":{"line":297,"column":2},"end":{"line":299,"column":5}},"82":{"start":{"line":301,"column":2},"end":{"line":301,"column":59}},"83":{"start":{"line":303,"column":2},"end":{"line":306,"column":5}},"84":{"start":{"line":309,"column":20},"end":{"line":309,"column":28}},"85":{"start":{"line":310,"column":2},"end":{"line":312,"column":3}},"86":{"start":{"line":311,"column":3},"end":{"line":311,"column":51}},"87":{"start":{"line":314,"column":23},"end":{"line":316,"column":4}},"88":{"start":{"line":317,"column":2},"end":{"line":319,"column":3}},"89":{"start":{"line":318,"column":3},"end":{"line":318,"column":67}},"90":{"start":{"line":321,"column":2},"end":{"line":321,"column":24}},"91":{"start":{"line":323,"column":2},"end":{"line":326,"column":5}},"92":{"start":{"line":329,"column":35},"end":{"line":329,"column":43}},"93":{"start":{"line":330,"column":2},"end":{"line":332,"column":3}},"94":{"start":{"line":331,"column":3},"end":{"line":331,"column":71}},"95":{"start":{"line":334,"column":22},"end":{"line":336,"column":4}},"96":{"start":{"line":337,"column":2},"end":{"line":339,"column":3}},"97":{"start":{"line":338,"column":3},"end":{"line":338,"column":45}},"98":{"start":{"line":341,"column":23},"end":{"line":341,"column":50}},"99":{"start":{"line":342,"column":2},"end":{"line":345,"column":5}},"100":{"start":{"line":347,"column":2},"end":{"line":349,"column":5}},"101":{"start":{"line":351,"column":2},"end":{"line":354,"column":5}}},"fnMap":{"0":{"name":"(anonymous_1)","decl":{"start":{"line":15,"column":17},"end":{"line":15,"column":22}},"loc":{"start":{"line":15,"column":70},"end":{"line":38,"column":1}}},"1":{"name":"(anonymous_2)","decl":{"start":{"line":41,"column":16},"end":{"line":41,"column":21}},"loc":{"start":{"line":41,"column":69},"end":{"line":105,"column":2}}},"2":{"name":"(anonymous_3)","decl":{"start":{"line":96,"column":60},"end":{"line":96,"column":65}},"loc":{"start":{"line":96,"column":68},"end":{"line":98,"column":3}}},"3":{"name":"(anonymous_4)","decl":{"start":{"line":106,"column":12},"end":{"line":106,"column":17}},"loc":{"start":{"line":106,"column":65},"end":{"line":221,"column":2}}},"4":{"name":"(anonymous_5)","decl":{"start":{"line":222,"column":24},"end":{"line":222,"column":29}},"loc":{"start":{"line":222,"column":77},"end":{"line":240,"column":2}}},"5":{"name":"(anonymous_6)","decl":{"start":{"line":241,"column":8},"end":{"line":241,"column":13}},"loc":{"start":{"line":241,"column":61},"end":{"line":275,"column":2}}},"6":{"name":"(anonymous_7)","decl":{"start":{"line":276,"column":9},"end":{"line":276,"column":14}},"loc":{"start":{"line":276,"column":62},"end":{"line":281,"column":2}}},"7":{"name":"(anonymous_8)","decl":{"start":{"line":282,"column":17},"end":{"line":282,"column":22}},"loc":{"start":{"line":282,"column":70},"end":{"line":307,"column":2}}},"8":{"name":"(anonymous_9)","decl":{"start":{"line":308,"column":12},"end":{"line":308,"column":17}},"loc":{"start":{"line":308,"column":65},"end":{"line":327,"column":2}}},"9":{"name":"(anonymous_10)","decl":{"start":{"line":328,"column":16},"end":{"line":328,"column":21}},"loc":{"start":{"line":328,"column":69},"end":{"line":355,"column":2}}}},"branchMap":{"0":{"loc":{"start":{"line":19,"column":1},"end":{"line":21,"column":2}},"type":"if","locations":[{"start":{"line":19,"column":1},"end":{"line":21,"column":2}}]},"1":{"loc":{"start":{"line":60,"column":2},"end":{"line":65,"column":3}},"type":"if","locations":[{"start":{"line":60,"column":2},"end":{"line":65,"column":3}}]},"2":{"loc":{"start":{"line":60,"column":6},"end":{"line":60,"column":38}},"type":"binary-expr","locations":[{"start":{"line":60,"column":6},"end":{"line":60,"column":11}},{"start":{"line":60,"column":15},"end":{"line":60,"column":27}},{"start":{"line":60,"column":31},"end":{"line":60,"column":38}}]},"3":{"loc":{"start":{"line":68,"column":2},"end":{"line":73,"column":3}},"type":"if","locations":[{"start":{"line":68,"column":2},"end":{"line":73,"column":3}}]},"4":{"loc":{"start":{"line":87,"column":17},"end":{"line":87,"column":63}},"type":"cond-expr","locations":[{"start":{"line":87,"column":43},"end":{"line":87,"column":52}},{"start":{"line":87,"column":55},"end":{"line":87,"column":63}}]},"5":{"loc":{"start":{"line":108,"column":2},"end":{"line":110,"column":3}},"type":"if","locations":[{"start":{"line":108,"column":2},"end":{"line":110,"column":3}}]},"6":{"loc":{"start":{"line":121,"column":2},"end":{"line":123,"column":3}},"type":"if","locations":[{"start":{"line":121,"column":2},"end":{"line":123,"column":3}}]},"7":{"loc":{"start":{"line":139,"column":2},"end":{"line":141,"column":3}},"type":"if","locations":[{"start":{"line":139,"column":2},"end":{"line":141,"column":3}}]},"8":{"loc":{"start":{"line":157,"column":2},"end":{"line":159,"column":3}},"type":"if","locations":[{"start":{"line":157,"column":2},"end":{"line":159,"column":3}}]},"9":{"loc":{"start":{"line":190,"column":2},"end":{"line":192,"column":3}},"type":"if","locations":[{"start":{"line":190,"column":2},"end":{"line":192,"column":3}}]},"10":{"loc":{"start":{"line":224,"column":2},"end":{"line":226,"column":3}},"type":"if","locations":[{"start":{"line":224,"column":2},"end":{"line":226,"column":3}}]},"11":{"loc":{"start":{"line":231,"column":2},"end":{"line":233,"column":3}},"type":"if","locations":[{"start":{"line":231,"column":2},"end":{"line":233,"column":3}}]},"12":{"loc":{"start":{"line":243,"column":2},"end":{"line":245,"column":3}},"type":"if","locations":[{"start":{"line":243,"column":2},"end":{"line":245,"column":3}}]},"13":{"loc":{"start":{"line":243,"column":6},"end":{"line":243,"column":25}},"type":"binary-expr","locations":[{"start":{"line":243,"column":6},"end":{"line":243,"column":12}},{"start":{"line":243,"column":16},"end":{"line":243,"column":25}}]},"14":{"loc":{"start":{"line":251,"column":2},"end":{"line":253,"column":3}},"type":"if","locations":[{"start":{"line":251,"column":2},"end":{"line":253,"column":3}}]},"15":{"loc":{"start":{"line":256,"column":2},"end":{"line":258,"column":3}},"type":"if","locations":[{"start":{"line":256,"column":2},"end":{"line":258,"column":3}}]},"16":{"loc":{"start":{"line":284,"column":2},"end":{"line":286,"column":3}},"type":"if","locations":[{"start":{"line":284,"column":2},"end":{"line":286,"column":3}}]},"17":{"loc":{"start":{"line":284,"column":6},"end":{"line":284,"column":25}},"type":"binary-expr","locations":[{"start":{"line":284,"column":6},"end":{"line":284,"column":12}},{"start":{"line":284,"column":16},"end":{"line":284,"column":25}}]},"18":{"loc":{"start":{"line":291,"column":2},"end":{"line":293,"column":3}},"type":"if","locations":[{"start":{"line":291,"column":2},"end":{"line":293,"column":3}}]},"19":{"loc":{"start":{"line":310,"column":2},"end":{"line":312,"column":3}},"type":"if","locations":[{"start":{"line":310,"column":2},"end":{"line":312,"column":3}}]},"20":{"loc":{"start":{"line":317,"column":2},"end":{"line":319,"column":3}},"type":"if","locations":[{"start":{"line":317,"column":2},"end":{"line":319,"column":3}}]},"21":{"loc":{"start":{"line":330,"column":2},"end":{"line":332,"column":3}},"type":"if","locations":[{"start":{"line":330,"column":2},"end":{"line":332,"column":3}}]},"22":{"loc":{"start":{"line":330,"column":6},"end":{"line":330,"column":33}},"type":"binary-expr","locations":[{"start":{"line":330,"column":6},"end":{"line":330,"column":12}},{"start":{"line":330,"column":16},"end":{"line":330,"column":20}},{"start":{"line":330,"column":24},"end":{"line":330,"column":33}}]},"23":{"loc":{"start":{"line":337,"column":2},"end":{"line":339,"column":3}},"type":"if","locations":[{"start":{"line":337,"column":2},"end":{"line":339,"column":3}}]}},"s":{"0":1,"1":1,"2":1,"3":1,"4":1,"5":1,"6":1,"7":1,"8":1,"9":2,"10":2,"11":0,"12":2,"13":2,"14":2,"15":2,"16":1,"17":3,"18":3,"19":3,"20":3,"21":2,"22":1,"23":0,"24":1,"25":1,"26":0,"27":1,"28":3,"29":3,"30":1,"31":2,"32":2,"33":1,"34":1,"35":1,"36":0,"37":1,"38":1,"39":1,"40":1,"41":1,"42":0,"43":1,"44":1,"45":1,"46":1,"47":0,"48":1,"49":1,"50":1,"51":1,"52":2,"53":2,"54":0,"55":2,"56":2,"57":1,"58":1,"59":1,"60":4,"61":4,"62":1,"63":3,"64":3,"65":1,"66":2,"67":2,"68":1,"69":1,"70":1,"71":1,"72":1,"73":1,"74":2,"75":2,"76":1,"77":1,"78":1,"79":0,"80":1,"81":1,"82":1,"83":1,"84":2,"85":2,"86":0,"87":2,"88":2,"89":1,"90":1,"91":1,"92":3,"93":3,"94":1,"95":2,"96":2,"97":1,"98":1,"99":1,"100":1,"101":1},"f":{"0":2,"1":3,"2":0,"3":3,"4":2,"5":4,"6":1,"7":2,"8":2,"9":3},"b":{"0":[0],"1":[2],"2":[3,1,1],"3":[0],"4":[1,0],"5":[1],"6":[1],"7":[0],"8":[0],"9":[0],"10":[0],"11":[1],"12":[1],"13":[4,4],"14":[1],"15":[1],"16":[1],"17":[2,1],"18":[0],"19":[0],"20":[1],"21":[1],"22":[3,3,2],"23":[1]}}
,"C:\\Users\\hp\\Desktop\\tuts\\Next\\cauntr\\server\\src\\errors\\bad-request.e.ts": {"path":"C:\\Users\\hp\\Desktop\\tuts\\Next\\cauntr\\server\\src\\errors\\bad-request.e.ts","statementMap":{"0":{"start":{"line":1,"column":0},"end":{"line":1,"column":48}},"1":{"start":{"line":2,"column":0},"end":{"line":2,"column":44}},"2":{"start":{"line":6,"column":2},"end":{"line":6,"column":42}},"3":{"start":{"line":4,"column":0},"end":{"line":4,"column":21}}},"fnMap":{"0":{"name":"(anonymous_1)","decl":{"start":{"line":5,"column":1},"end":{"line":5,"column":13}},"loc":{"start":{"line":5,"column":28},"end":{"line":7,"column":2}}}},"branchMap":{},"s":{"0":1,"1":1,"2":10,"3":1},"f":{"0":10},"b":{}}
,"C:\\Users\\hp\\Desktop\\tuts\\Next\\cauntr\\server\\src\\errors\\custom-api.e.ts": {"path":"C:\\Users\\hp\\Desktop\\tuts\\Next\\cauntr\\server\\src\\errors\\custom-api.e.ts","statementMap":{"0":{"start":{"line":4,"column":2},"end":{"line":4,"column":17}},"1":{"start":{"line":5,"column":4},"end":{"line":5,"column":33}},"2":{"start":{"line":1,"column":0},"end":{"line":1,"column":21}}},"fnMap":{"0":{"name":"(anonymous_0)","decl":{"start":{"line":3,"column":1},"end":{"line":3,"column":13}},"loc":{"start":{"line":3,"column":48},"end":{"line":6,"column":2}}}},"branchMap":{},"s":{"0":12,"1":12,"2":1},"f":{"0":12},"b":{}}
,"C:\\Users\\hp\\Desktop\\tuts\\Next\\cauntr\\server\\src\\errors\\index.ts": {"path":"C:\\Users\\hp\\Desktop\\tuts\\Next\\cauntr\\server\\src\\errors\\index.ts","statementMap":{"0":{"start":{"line":1,"column":0},"end":{"line":1,"column":20}},"1":{"start":{"line":6,"column":9},"end":{"line":1,"column":57}},"2":{"start":{"line":2,"column":0},"end":{"line":2,"column":20}},"3":{"start":{"line":6,"column":24},"end":{"line":2,"column":61}},"4":{"start":{"line":3,"column":0},"end":{"line":3,"column":20}},"5":{"start":{"line":6,"column":41},"end":{"line":3,"column":70}},"6":{"start":{"line":4,"column":0},"end":{"line":4,"column":20}},"7":{"start":{"line":6,"column":63},"end":{"line":4,"column":59}}},"fnMap":{"0":{"name":"(anonymous_1)","decl":{"start":{"line":6,"column":9},"end":{"line":6,"column":22}},"loc":{"start":{"line":6,"column":9},"end":{"line":1,"column":57}}},"1":{"name":"(anonymous_2)","decl":{"start":{"line":6,"column":24},"end":{"line":6,"column":39}},"loc":{"start":{"line":6,"column":24},"end":{"line":2,"column":61}}},"2":{"name":"(anonymous_3)","decl":{"start":{"line":6,"column":41},"end":{"line":6,"column":61}},"loc":{"start":{"line":6,"column":41},"end":{"line":3,"column":70}}},"3":{"name":"(anonymous_4)","decl":{"start":{"line":6,"column":63},"end":{"line":6,"column":77}},"loc":{"start":{"line":6,"column":63},"end":{"line":4,"column":59}}}},"branchMap":{},"s":{"0":1,"1":1,"2":1,"3":21,"4":1,"5":1,"6":1,"7":4},"f":{"0":0,"1":20,"2":0,"3":3},"b":{}}
,"C:\\Users\\hp\\Desktop\\tuts\\Next\\cauntr\\server\\src\\errors\\not-found.e.ts": {"path":"C:\\Users\\hp\\Desktop\\tuts\\Next\\cauntr\\server\\src\\errors\\not-found.e.ts","statementMap":{"0":{"start":{"line":1,"column":0},"end":{"line":1,"column":48}},"1":{"start":{"line":2,"column":0},"end":{"line":2,"column":44}},"2":{"start":{"line":6,"column":2},"end":{"line":6,"column":42}},"3":{"start":{"line":4,"column":0},"end":{"line":4,"column":21}}},"fnMap":{"0":{"name":"(anonymous_1)","decl":{"start":{"line":5,"column":1},"end":{"line":5,"column":13}},"loc":{"start":{"line":5,"column":28},"end":{"line":7,"column":2}}}},"branchMap":{},"s":{"0":1,"1":1,"2":0,"3":1},"f":{"0":0},"b":{}}
,"C:\\Users\\hp\\Desktop\\tuts\\Next\\cauntr\\server\\src\\errors\\unauthenticated.e.ts": {"path":"C:\\Users\\hp\\Desktop\\tuts\\Next\\cauntr\\server\\src\\errors\\unauthenticated.e.ts","statementMap":{"0":{"start":{"line":1,"column":0},"end":{"line":1,"column":48}},"1":{"start":{"line":2,"column":0},"end":{"line":2,"column":44}},"2":{"start":{"line":6,"column":2},"end":{"line":6,"column":42}},"3":{"start":{"line":4,"column":0},"end":{"line":4,"column":21}}},"fnMap":{"0":{"name":"(anonymous_1)","decl":{"start":{"line":5,"column":1},"end":{"line":5,"column":13}},"loc":{"start":{"line":5,"column":28},"end":{"line":7,"column":2}}}},"branchMap":{},"s":{"0":1,"1":1,"2":0,"3":1},"f":{"0":0},"b":{}}
,"C:\\Users\\hp\\Desktop\\tuts\\Next\\cauntr\\server\\src\\helpers\\authHelpers.h.ts": {"path":"C:\\Users\\hp\\Desktop\\tuts\\Next\\cauntr\\server\\src\\helpers\\authHelpers.h.ts","statementMap":{"0":{"start":{"line":1,"column":0},"end":{"line":1,"column":28}},"1":{"start":{"line":2,"column":0},"end":{"line":2,"column":56}},"2":{"start":{"line":3,"column":0},"end":{"line":3,"column":36}},"3":{"start":{"line":4,"column":0},"end":{"line":4,"column":31}},"4":{"start":{"line":6,"column":41},"end":{"line":11,"column":1}},"5":{"start":{"line":7,"column":15},"end":{"line":7,"column":62}},"6":{"start":{"line":8,"column":17},"end":{"line":8,"column":63}},"7":{"start":{"line":10,"column":1},"end":{"line":10,"column":27}},"8":{"start":{"line":6,"column":13},"end":{"line":6,"column":41}},"9":{"start":{"line":13,"column":35},"end":{"line":29,"column":1}},"10":{"start":{"line":14,"column":28},"end":{"line":14,"column":66}},"11":{"start":{"line":15,"column":21},"end":{"line":15,"column":69}},"12":{"start":{"line":17,"column":1},"end":{"line":26,"column":2}},"13":{"start":{"line":18,"column":2},"end":{"line":21,"column":5}},"14":{"start":{"line":23,"column":2},"end":{"line":25,"column":5}},"15":{"start":{"line":28,"column":1},"end":{"line":28,"column":58}},"16":{"start":{"line":13,"column":13},"end":{"line":13,"column":35}},"17":{"start":{"line":31,"column":25},"end":{"line":41,"column":1}},"18":{"start":{"line":38,"column":1},"end":{"line":40,"column":4}},"19":{"start":{"line":31,"column":13},"end":{"line":31,"column":25}}},"fnMap":{"0":{"name":"(anonymous_1)","decl":{"start":{"line":6,"column":41},"end":{"line":6,"column":46}},"loc":{"start":{"line":6,"column":65},"end":{"line":11,"column":1}}},"1":{"name":"(anonymous_2)","decl":{"start":{"line":13,"column":35},"end":{"line":13,"column":40}},"loc":{"start":{"line":13,"column":59},"end":{"line":29,"column":1}}},"2":{"name":"(anonymous_3)","decl":{"start":{"line":31,"column":25},"end":{"line":31,"column":26}},"loc":{"start":{"line":37,"column":5},"end":{"line":41,"column":1}}}},"branchMap":{"0":{"loc":{"start":{"line":17,"column":1},"end":{"line":26,"column":2}},"type":"if","locations":[{"start":{"line":17,"column":1},"end":{"line":26,"column":2}},{"start":{"line":22,"column":8},"end":{"line":26,"column":2}}]}},"s":{"0":1,"1":1,"2":1,"3":1,"4":1,"5":0,"6":0,"7":0,"8":1,"9":1,"10":0,"11":0,"12":0,"13":0,"14":0,"15":0,"16":1,"17":1,"18":0,"19":1},"f":{"0":0,"1":0,"2":0},"b":{"0":[0,0]}}
,"C:\\Users\\hp\\Desktop\\tuts\\Next\\cauntr\\server\\src\\helpers\\constants.ts": {"path":"C:\\Users\\hp\\Desktop\\tuts\\Next\\cauntr\\server\\src\\helpers\\constants.ts","statementMap":{"0":{"start":{"line":6,"column":13},"end":{"line":15,"column":2}}},"fnMap":{},"branchMap":{},"s":{"0":1},"f":{},"b":{}}
,"C:\\Users\\hp\\Desktop\\tuts\\Next\\cauntr\\server\\src\\services\\emailService.ts": {"path":"C:\\Users\\hp\\Desktop\\tuts\\Next\\cauntr\\server\\src\\services\\emailService.ts","statementMap":{"0":{"start":{"line":1,"column":0},"end":{"line":1,"column":36}},"1":{"start":{"line":24,"column":2},"end":{"line":24,"column":56}},"2":{"start":{"line":28,"column":2},"end":{"line":36,"column":3}},"3":{"start":{"line":29,"column":3},"end":{"line":32,"column":6}},"4":{"start":{"line":34,"column":3},"end":{"line":34,"column":46}},"5":{"start":{"line":35,"column":3},"end":{"line":35,"column":43}},"6":{"start":{"line":46,"column":2},"end":{"line":48,"column":3}},"7":{"start":{"line":47,"column":3},"end":{"line":47,"column":76}},"8":{"start":{"line":50,"column":15},"end":{"line":66,"column":6}},"9":{"start":{"line":59,"column":8},"end":{"line":59,"column":142}},"10":{"start":{"line":68,"column":2},"end":{"line":72,"column":5}},"11":{"start":{"line":20,"column":0},"end":{"line":20,"column":13}},"12":{"start":{"line":77,"column":13},"end":{"line":85,"column":3}}},"fnMap":{"0":{"name":"(anonymous_1)","decl":{"start":{"line":23,"column":1},"end":{"line":23,"column":13}},"loc":{"start":{"line":23,"column":32},"end":{"line":25,"column":2}}},"1":{"name":"(anonymous_2)","decl":{"start":{"line":27,"column":1},"end":{"line":27,"column":6}},"loc":{"start":{"line":27,"column":38},"end":{"line":37,"column":2}}},"2":{"name":"(anonymous_3)","decl":{"start":{"line":39,"column":1},"end":{"line":39,"column":6}},"loc":{"start":{"line":45,"column":2},"end":{"line":73,"column":2}}},"3":{"name":"(anonymous_4)","decl":{"start":{"line":58,"column":7},"end":{"line":58,"column":8}},"loc":{"start":{"line":59,"column":8},"end":{"line":59,"column":142}}}},"branchMap":{"0":{"loc":{"start":{"line":46,"column":2},"end":{"line":48,"column":3}},"type":"if","locations":[{"start":{"line":46,"column":2},"end":{"line":48,"column":3}}]},"1":{"loc":{"start":{"line":46,"column":6},"end":{"line":46,"column":34}},"type":"binary-expr","locations":[{"start":{"line":46,"column":6},"end":{"line":46,"column":12}},{"start":{"line":46,"column":16},"end":{"line":46,"column":34}}]}},"s":{"0":2,"1":10,"2":5,"3":5,"4":2,"5":2,"6":4,"7":1,"8":3,"9":18,"10":3,"11":2,"12":2},"f":{"0":10,"1":5,"2":4,"3":18},"b":{"0":[1],"1":[4,4]}}
,"C:\\Users\\hp\\Desktop\\tuts\\Next\\cauntr\\server\\src\\services\\paystackService.ts": {"path":"C:\\Users\\hp\\Desktop\\tuts\\Next\\cauntr\\server\\src\\services\\paystackService.ts","statementMap":{"0":{"start":{"line":1,"column":0},"end":{"line":1,"column":46}},"1":{"start":{"line":78,"column":2},"end":{"line":78,"column":65}},"2":{"start":{"line":86,"column":2},"end":{"line":133,"column":3}},"3":{"start":{"line":89,"column":5},"end":{"line":95,"column":6}},"4":{"start":{"line":97,"column":3},"end":{"line":106,"column":4}},"5":{"start":{"line":101,"column":4},"end":{"line":105,"column":6}},"6":{"start":{"line":109,"column":27},"end":{"line":111,"column":5}},"7":{"start":{"line":113,"column":3},"end":{"line":119,"column":4}},"8":{"start":{"line":114,"column":4},"end":{"line":118,"column":6}},"9":{"start":{"line":121,"column":3},"end":{"line":126,"column":5}},"10":{"start":{"line":128,"column":3},"end":{"line":132,"column":5}},"11":{"start":{"line":147,"column":2},"end":{"line":179,"column":3}},"12":{"start":{"line":148,"column":25},"end":{"line":153,"column":5}},"13":{"start":{"line":155,"column":3},"end":{"line":157,"column":4}},"14":{"start":{"line":156,"column":4},"end":{"line":156,"column":63}},"15":{"start":{"line":159,"column":19},"end":{"line":161,"column":5}},"16":{"start":{"line":163,"column":3},"end":{"line":165,"column":4}},"17":{"start":{"line":164,"column":4},"end":{"line":164,"column":57}},"18":{"start":{"line":167,"column":3},"end":{"line":173,"column":5}},"19":{"start":{"line":175,"column":3},"end":{"line":178,"column":5}},"20":{"start":{"line":189,"column":2},"end":{"line":205,"column":3}},"21":{"start":{"line":190,"column":22},"end":{"line":193,"column":5}},"22":{"start":{"line":195,"column":3},"end":{"line":197,"column":4}},"23":{"start":{"line":196,"column":4},"end":{"line":196,"column":40}},"24":{"start":{"line":199,"column":3},"end":{"line":199,"column":50}},"25":{"start":{"line":201,"column":3},"end":{"line":204,"column":5}},"26":{"start":{"line":67,"column":0},"end":{"line":67,"column":13}},"27":{"start":{"line":209,"column":13},"end":{"line":209,"column":53}}},"fnMap":{"0":{"name":"(anonymous_1)","decl":{"start":{"line":70,"column":1},"end":{"line":70,"column":null}},"loc":{"start":{"line":70,"column":1},"end":{"line":79,"column":2}}},"1":{"name":"(anonymous_2)","decl":{"start":{"line":81,"column":1},"end":{"line":81,"column":6}},"loc":{"start":{"line":85,"column":20},"end":{"line":134,"column":2}}},"2":{"name":"(anonymous_3)","decl":{"start":{"line":136,"column":1},"end":{"line":136,"column":6}},"loc":{"start":{"line":146,"column":2},"end":{"line":180,"column":2}}},"3":{"name":"(anonymous_4)","decl":{"start":{"line":182,"column":1},"end":{"line":182,"column":6}},"loc":{"start":{"line":188,"column":2},"end":{"line":206,"column":2}}}},"branchMap":{"0":{"loc":{"start":{"line":97,"column":3},"end":{"line":106,"column":4}},"type":"if","locations":[{"start":{"line":97,"column":3},"end":{"line":106,"column":4}}]},"1":{"loc":{"start":{"line":98,"column":4},"end":{"line":99,"column":45}},"type":"binary-expr","locations":[{"start":{"line":98,"column":4},"end":{"line":98,"column":36}},{"start":{"line":99,"column":4},"end":{"line":99,"column":45}}]},"2":{"loc":{"start":{"line":113,"column":3},"end":{"line":119,"column":4}},"type":"if","locations":[{"start":{"line":113,"column":3},"end":{"line":119,"column":4}}]},"3":{"loc":{"start":{"line":129,"column":11},"end":{"line":129,"column":52}},"type":"binary-expr","locations":[{"start":{"line":129,"column":11},"end":{"line":129,"column":24}},{"start":{"line":129,"column":28},"end":{"line":129,"column":52}}]},"4":{"loc":{"start":{"line":155,"column":3},"end":{"line":157,"column":4}},"type":"if","locations":[{"start":{"line":155,"column":3},"end":{"line":157,"column":4}}]},"5":{"loc":{"start":{"line":163,"column":3},"end":{"line":165,"column":4}},"type":"if","locations":[{"start":{"line":163,"column":3},"end":{"line":165,"column":4}}]},"6":{"loc":{"start":{"line":176,"column":11},"end":{"line":176,"column":52}},"type":"binary-expr","locations":[{"start":{"line":176,"column":11},"end":{"line":176,"column":24}},{"start":{"line":176,"column":28},"end":{"line":176,"column":52}}]},"7":{"loc":{"start":{"line":195,"column":3},"end":{"line":197,"column":4}},"type":"if","locations":[{"start":{"line":195,"column":3},"end":{"line":197,"column":4}}]},"8":{"loc":{"start":{"line":202,"column":11},"end":{"line":202,"column":52}},"type":"binary-expr","locations":[{"start":{"line":202,"column":11},"end":{"line":202,"column":24}},{"start":{"line":202,"column":28},"end":{"line":202,"column":52}}]}},"s":{"0":2,"1":15,"2":4,"3":4,"4":3,"5":1,"6":2,"7":2,"8":1,"9":1,"10":1,"11":4,"12":4,"13":3,"14":1,"15":2,"16":2,"17":1,"18":1,"19":1,"20":3,"21":3,"22":2,"23":1,"24":1,"25":1,"26":2,"27":2},"f":{"0":15,"1":4,"2":4,"3":3},"b":{"0":[1],"1":[3,2],"2":[1],"3":[1,0],"4":[1],"5":[1],"6":[1,0],"7":[1],"8":[1,0]}}
}
