TN:
SF:src\services\emailService.ts
FN:23,(anonymous_1)
FN:27,(anonymous_2)
FN:39,(anonymous_3)
FN:58,(anonymous_4)
FNF:4
FNH:4
FNDA:9,(anonymous_1)
FNDA:5,(anonymous_2)
FNDA:4,(anonymous_3)
FNDA:18,(anonymous_4)
DA:1,1
DA:20,1
DA:24,9
DA:28,5
DA:29,5
DA:34,2
DA:35,2
DA:46,4
DA:47,1
DA:50,3
DA:59,18
DA:68,3
DA:77,1
LF:13
LH:13
BRDA:46,0,0,1
BRDA:46,1,0,4
BRDA:46,1,1,4
BRF:3
BRH:3
end_of_record
TN:
SF:src\services\paystackService.ts
FN:70,(anonymous_1)
FN:81,(anonymous_2)
FN:136,(anonymous_3)
FN:182,(anonymous_4)
FNF:4
FNH:4
FNDA:14,(anonymous_1)
FNDA:4,(anonymous_2)
FNDA:4,(anonymous_3)
FNDA:3,(anonymous_4)
DA:1,1
DA:67,1
DA:78,14
DA:86,4
DA:89,4
DA:97,3
DA:101,1
DA:109,2
DA:113,2
DA:114,1
DA:121,1
DA:128,1
DA:147,4
DA:148,4
DA:155,3
DA:156,1
DA:159,2
DA:163,2
DA:164,1
DA:167,1
DA:175,1
DA:189,3
DA:190,3
DA:195,2
DA:196,1
DA:199,1
DA:201,1
DA:209,1
LF:28
LH:28
BRDA:97,0,0,1
BRDA:98,1,0,3
BRDA:98,1,1,2
BRDA:113,2,0,1
BRDA:129,3,0,1
BRDA:129,3,1,0
BRDA:155,4,0,1
BRDA:163,5,0,1
BRDA:176,6,0,1
BRDA:176,6,1,0
BRDA:195,7,0,1
BRDA:202,8,0,1
BRDA:202,8,1,0
BRF:13
BRH:10
end_of_record
