TN:
SF:src\controllers\auth.c.ts
FN:15,(anonymous_1)
FN:41,(anonymous_2)
FN:96,(anonymous_3)
FN:106,(anonymous_4)
FN:222,(anonymous_5)
FN:241,(anonymous_6)
FN:276,(anonymous_7)
FN:282,(anonymous_8)
FN:308,(anonymous_9)
FN:328,(anonymous_10)
FNF:10
FNH:9
FNDA:2,(anonymous_1)
FNDA:3,(anonymous_2)
FNDA:0,(anonymous_3)
FNDA:3,(anonymous_4)
FNDA:2,(anonymous_5)
FNDA:4,(anonymous_6)
FNDA:1,(anonymous_7)
FNDA:2,(anonymous_8)
FNDA:2,(anonymous_9)
FNDA:3,(anonymous_10)
DA:2,1
DA:3,1
DA:4,1
DA:5,1
DA:10,1
DA:11,1
DA:12,1
DA:13,1
DA:15,1
DA:16,2
DA:19,2
DA:20,0
DA:23,2
DA:27,2
DA:32,2
DA:37,2
DA:40,1
DA:49,3
DA:50,3
DA:54,3
DA:60,3
DA:61,2
DA:68,1
DA:69,0
DA:75,1
DA:96,1
DA:97,0
DA:100,1
DA:107,3
DA:108,3
DA:109,1
DA:112,2
DA:121,2
DA:122,1
DA:125,1
DA:139,1
DA:140,0
DA:143,1
DA:146,1
DA:147,1
DA:150,1
DA:157,1
DA:158,0
DA:162,1
DA:180,1
DA:185,1
DA:190,1
DA:191,0
DA:195,1
DA:205,1
DA:211,1
DA:218,1
DA:223,2
DA:224,2
DA:225,0
DA:228,2
DA:231,2
DA:232,1
DA:235,1
DA:237,1
DA:242,4
DA:243,4
DA:244,1
DA:247,3
DA:251,3
DA:252,1
DA:255,2
DA:256,2
DA:257,1
DA:260,1
DA:265,1
DA:272,1
DA:277,1
DA:278,1
DA:283,2
DA:284,2
DA:285,1
DA:288,1
DA:291,1
DA:292,0
DA:295,1
DA:297,1
DA:301,1
DA:303,1
DA:309,2
DA:310,2
DA:311,0
DA:314,2
DA:317,2
DA:318,1
DA:321,1
DA:323,1
DA:329,3
DA:330,3
DA:331,1
DA:334,2
DA:337,2
DA:338,1
DA:341,1
DA:342,1
DA:347,1
DA:351,1
LF:102
LH:93
BRDA:19,0,0,0
BRDA:60,1,0,2
BRDA:60,2,0,3
BRDA:60,2,1,1
BRDA:60,2,2,1
BRDA:68,3,0,0
BRDA:87,4,0,1
BRDA:87,4,1,0
BRDA:108,5,0,1
BRDA:121,6,0,1
BRDA:139,7,0,0
BRDA:157,8,0,0
BRDA:190,9,0,0
BRDA:224,10,0,0
BRDA:231,11,0,1
BRDA:243,12,0,1
BRDA:243,13,0,4
BRDA:243,13,1,4
BRDA:251,14,0,1
BRDA:256,15,0,1
BRDA:284,16,0,1
BRDA:284,17,0,2
BRDA:284,17,1,1
BRDA:291,18,0,0
BRDA:310,19,0,0
BRDA:317,20,0,1
BRDA:330,21,0,1
BRDA:330,22,0,3
BRDA:330,22,1,3
BRDA:330,22,2,2
BRDA:337,23,0,1
BRF:31
BRH:22
end_of_record
TN:
SF:src\errors\bad-request.e.ts
FN:5,(anonymous_1)
FNF:1
FNH:1
FNDA:10,(anonymous_1)
DA:1,1
DA:2,1
DA:4,1
DA:6,10
LF:4
LH:4
BRF:0
BRH:0
end_of_record
TN:
SF:src\errors\custom-api.e.ts
FN:3,(anonymous_0)
FNF:1
FNH:1
FNDA:12,(anonymous_0)
DA:1,1
DA:4,12
DA:5,12
LF:3
LH:3
BRF:0
BRH:0
end_of_record
TN:
SF:src\errors\index.ts
FN:6,(anonymous_1)
FN:6,(anonymous_2)
FN:6,(anonymous_3)
FN:6,(anonymous_4)
FNF:4
FNH:2
FNDA:0,(anonymous_1)
FNDA:20,(anonymous_2)
FNDA:0,(anonymous_3)
FNDA:3,(anonymous_4)
DA:1,1
DA:2,1
DA:3,1
DA:4,1
DA:6,21
LF:5
LH:5
BRF:0
BRH:0
end_of_record
TN:
SF:src\errors\not-found.e.ts
FN:5,(anonymous_1)
FNF:1
FNH:0
FNDA:0,(anonymous_1)
DA:1,1
DA:2,1
DA:4,1
DA:6,0
LF:4
LH:3
BRF:0
BRH:0
end_of_record
TN:
SF:src\errors\unauthenticated.e.ts
FN:5,(anonymous_1)
FNF:1
FNH:0
FNDA:0,(anonymous_1)
DA:1,1
DA:2,1
DA:4,1
DA:6,0
LF:4
LH:3
BRF:0
BRH:0
end_of_record
TN:
SF:src\helpers\authHelpers.h.ts
FN:6,(anonymous_1)
FN:13,(anonymous_2)
FN:31,(anonymous_3)
FNF:3
FNH:0
FNDA:0,(anonymous_1)
FNDA:0,(anonymous_2)
FNDA:0,(anonymous_3)
DA:1,1
DA:2,1
DA:3,1
DA:4,1
DA:6,1
DA:7,0
DA:8,0
DA:10,0
DA:13,1
DA:14,0
DA:15,0
DA:17,0
DA:18,0
DA:23,0
DA:28,0
DA:31,1
DA:38,0
LF:17
LH:7
BRDA:17,0,0,0
BRDA:17,0,1,0
BRF:2
BRH:0
end_of_record
TN:
SF:src\helpers\constants.ts
FNF:0
FNH:0
DA:6,1
LF:1
LH:1
BRF:0
BRH:0
end_of_record
TN:
SF:src\services\emailService.ts
FN:23,(anonymous_1)
FN:27,(anonymous_2)
FN:39,(anonymous_3)
FN:58,(anonymous_4)
FNF:4
FNH:4
FNDA:10,(anonymous_1)
FNDA:5,(anonymous_2)
FNDA:4,(anonymous_3)
FNDA:18,(anonymous_4)
DA:1,2
DA:20,2
DA:24,10
DA:28,5
DA:29,5
DA:34,2
DA:35,2
DA:46,4
DA:47,1
DA:50,3
DA:59,18
DA:68,3
DA:77,2
LF:13
LH:13
BRDA:46,0,0,1
BRDA:46,1,0,4
BRDA:46,1,1,4
BRF:3
BRH:3
end_of_record
TN:
SF:src\services\paystackService.ts
FN:70,(anonymous_1)
FN:81,(anonymous_2)
FN:136,(anonymous_3)
FN:182,(anonymous_4)
FNF:4
FNH:4
FNDA:15,(anonymous_1)
FNDA:4,(anonymous_2)
FNDA:4,(anonymous_3)
FNDA:3,(anonymous_4)
DA:1,2
DA:67,2
DA:78,15
DA:86,4
DA:89,4
DA:97,3
DA:101,1
DA:109,2
DA:113,2
DA:114,1
DA:121,1
DA:128,1
DA:147,4
DA:148,4
DA:155,3
DA:156,1
DA:159,2
DA:163,2
DA:164,1
DA:167,1
DA:175,1
DA:189,3
DA:190,3
DA:195,2
DA:196,1
DA:199,1
DA:201,1
DA:209,2
LF:28
LH:28
BRDA:97,0,0,1
BRDA:98,1,0,3
BRDA:98,1,1,2
BRDA:113,2,0,1
BRDA:129,3,0,1
BRDA:129,3,1,0
BRDA:155,4,0,1
BRDA:163,5,0,1
BRDA:176,6,0,1
BRDA:176,6,1,0
BRDA:195,7,0,1
BRDA:202,8,0,1
BRDA:202,8,1,0
BRF:13
BRH:10
end_of_record
